init-params: initializing eigensolver data
Computing 2 bands with 1.000000e-07 tolerance.
Working in 2 dimensions.
Grid size is 64 x 64 x 1.
Solving for 2 bands at a time.
Creating Maxwell data...
Allocating fields...
Mesh size is 3.
Lattice vectors:
     (6.9282, 4, 0)
     (6.9282, -4, 0)
     (0, 0, 1)
Cell volume = 55.4256
Reciprocal lattice vectors (/ 2 pi):
     (0.0721688, 0.125, -0)
     (0.0721688, -0.125, 0)
     (-0, 0, 1)
Geometric objects:
     cylinder, center = (4,4,0)
          radius 0.25, height 1e+20, axis (0, 0, 1)
          dielectric constant epsilon = 1
     cylinder, center = (3,4,0)
          radius 0.25, height 1e+20, axis (0, 0, 1)
          dielectric constant epsilon = 1
     cylinder, center = (2,4,0)
          radius 0.25, height 1e+20, axis (0, 0, 1)
          dielectric constant epsilon = 1
     cylinder, center = (1,4,0)
          radius 0.25, height 1e+20, axis (0, 0, 1)
          dielectric constant epsilon = 1
     cylinder, center = (0,4,0)
          radius 0.25, height 1e+20, axis (0, 0, 1)
          dielectric constant epsilon = 1
     cylinder, center = (-1,4,0)
          radius 0.25, height 1e+20, axis (0, 0, 1)
          dielectric constant epsilon = 1
     cylinder, center = (-2,4,0)
          radius 0.25, height 1e+20, axis (0, 0, 1)
          dielectric constant epsilon = 1
     cylinder, center = (-3,4,0)
          radius 0.25, height 1e+20, axis (0, 0, 1)
          dielectric constant epsilon = 1
     cylinder, center = (4,3,0)
          radius 0.25, height 1e+20, axis (0, 0, 1)
          dielectric constant epsilon = 1
     cylinder, center = (3,3,0)
          radius 0.25, height 1e+20, axis (0, 0, 1)
          dielectric constant epsilon = 1
     cylinder, center = (2,3,0)
          radius 0.25, height 1e+20, axis (0, 0, 1)
          dielectric constant epsilon = 1
     cylinder, center = (1,3,0)
          radius 0.25, height 1e+20, axis (0, 0, 1)
          dielectric constant epsilon = 1
     cylinder, center = (0,3,0)
          radius 0.25, height 1e+20, axis (0, 0, 1)
          dielectric constant epsilon = 1
     cylinder, center = (-1,3,0)
          radius 0.25, height 1e+20, axis (0, 0, 1)
          dielectric constant epsilon = 1
     cylinder, center = (-2,3,0)
          radius 0.25, height 1e+20, axis (0, 0, 1)
          dielectric constant epsilon = 1
     cylinder, center = (-3,3,0)
          radius 0.25, height 1e+20, axis (0, 0, 1)
          dielectric constant epsilon = 1
     cylinder, center = (4,2,0)
          radius 0.25, height 1e+20, axis (0, 0, 1)
          dielectric constant epsilon = 1
     cylinder, center = (3,2,0)
          radius 0.25, height 1e+20, axis (0, 0, 1)
          dielectric constant epsilon = 1
     cylinder, center = (2,2,0)
          radius 0.25, height 1e+20, axis (0, 0, 1)
          dielectric constant epsilon = 1
     cylinder, center = (1,2,0)
          radius 0.25, height 1e+20, axis (0, 0, 1)
          dielectric constant epsilon = 1
     cylinder, center = (0,2,0)
          radius 0.25, height 1e+20, axis (0, 0, 1)
          dielectric constant epsilon = 1
     cylinder, center = (-1,2,0)
          radius 0.25, height 1e+20, axis (0, 0, 1)
          dielectric constant epsilon = 1
     cylinder, center = (-2,2,0)
          radius 0.25, height 1e+20, axis (0, 0, 1)
          dielectric constant epsilon = 1
     cylinder, center = (-3,2,0)
          radius 0.25, height 1e+20, axis (0, 0, 1)
          dielectric constant epsilon = 1
     cylinder, center = (4,1,0)
          radius 0.25, height 1e+20, axis (0, 0, 1)
          dielectric constant epsilon = 1
     cylinder, center = (3,1,0)
          radius 0.25, height 1e+20, axis (0, 0, 1)
          dielectric constant epsilon = 1
     cylinder, center = (2,1,0)
          radius 0.25, height 1e+20, axis (0, 0, 1)
          dielectric constant epsilon = 1
     cylinder, center = (1,1,0)
          radius 0.25, height 1e+20, axis (0, 0, 1)
          dielectric constant epsilon = 1
     cylinder, center = (0,1,0)
          radius 0.25, height 1e+20, axis (0, 0, 1)
          dielectric constant epsilon = 1
     cylinder, center = (-1,1,0)
          radius 0.25, height 1e+20, axis (0, 0, 1)
          dielectric constant epsilon = 1
     cylinder, center = (-2,1,0)
          radius 0.25, height 1e+20, axis (0, 0, 1)
          dielectric constant epsilon = 1
     cylinder, center = (-3,1,0)
          radius 0.25, height 1e+20, axis (0, 0, 1)
          dielectric constant epsilon = 1
     cylinder, center = (4,0,0)
          radius 0.25, height 1e+20, axis (0, 0, 1)
          dielectric constant epsilon = 1
     cylinder, center = (3,0,0)
          radius 0.25, height 1e+20, axis (0, 0, 1)
          dielectric constant epsilon = 1
     cylinder, center = (2,0,0)
          radius 0.25, height 1e+20, axis (0, 0, 1)
          dielectric constant epsilon = 1
     cylinder, center = (1,0,0)
          radius 0.25, height 1e+20, axis (0, 0, 1)
          dielectric constant epsilon = 1
     cylinder, center = (0,0,0)
          radius 0.25, height 1e+20, axis (0, 0, 1)
          dielectric constant epsilon = 1
     cylinder, center = (-1,0,0)
          radius 0.25, height 1e+20, axis (0, 0, 1)
          dielectric constant epsilon = 1
     cylinder, center = (-2,0,0)
          radius 0.25, height 1e+20, axis (0, 0, 1)
          dielectric constant epsilon = 1
     cylinder, center = (-3,0,0)
          radius 0.25, height 1e+20, axis (0, 0, 1)
          dielectric constant epsilon = 1
     cylinder, center = (4,-1,0)
          radius 0.25, height 1e+20, axis (0, 0, 1)
          dielectric constant epsilon = 1
     cylinder, center = (3,-1,0)
          radius 0.25, height 1e+20, axis (0, 0, 1)
          dielectric constant epsilon = 1
     cylinder, center = (2,-1,0)
          radius 0.25, height 1e+20, axis (0, 0, 1)
          dielectric constant epsilon = 1
     cylinder, center = (1,-1,0)
          radius 0.25, height 1e+20, axis (0, 0, 1)
          dielectric constant epsilon = 1
     cylinder, center = (0,-1,0)
          radius 0.25, height 1e+20, axis (0, 0, 1)
          dielectric constant epsilon = 1
     cylinder, center = (-1,-1,0)
          radius 0.25, height 1e+20, axis (0, 0, 1)
          dielectric constant epsilon = 1
     cylinder, center = (-2,-1,0)
          radius 0.25, height 1e+20, axis (0, 0, 1)
          dielectric constant epsilon = 1
     cylinder, center = (-3,-1,0)
          radius 0.25, height 1e+20, axis (0, 0, 1)
          dielectric constant epsilon = 1
     cylinder, center = (4,-2,0)
          radius 0.25, height 1e+20, axis (0, 0, 1)
          dielectric constant epsilon = 1
     cylinder, center = (3,-2,0)
          radius 0.25, height 1e+20, axis (0, 0, 1)
          dielectric constant epsilon = 1
     cylinder, center = (2,-2,0)
          radius 0.25, height 1e+20, axis (0, 0, 1)
          dielectric constant epsilon = 1
     cylinder, center = (1,-2,0)
          radius 0.25, height 1e+20, axis (0, 0, 1)
          dielectric constant epsilon = 1
     cylinder, center = (0,-2,0)
          radius 0.25, height 1e+20, axis (0, 0, 1)
          dielectric constant epsilon = 1
     cylinder, center = (-1,-2,0)
          radius 0.25, height 1e+20, axis (0, 0, 1)
          dielectric constant epsilon = 1
     cylinder, center = (-2,-2,0)
          radius 0.25, height 1e+20, axis (0, 0, 1)
          dielectric constant epsilon = 1
     cylinder, center = (-3,-2,0)
          radius 0.25, height 1e+20, axis (0, 0, 1)
          dielectric constant epsilon = 1
     cylinder, center = (4,-3,0)
          radius 0.25, height 1e+20, axis (0, 0, 1)
          dielectric constant epsilon = 1
     cylinder, center = (3,-3,0)
          radius 0.25, height 1e+20, axis (0, 0, 1)
          dielectric constant epsilon = 1
     cylinder, center = (2,-3,0)
          radius 0.25, height 1e+20, axis (0, 0, 1)
          dielectric constant epsilon = 1
     cylinder, center = (1,-3,0)
          radius 0.25, height 1e+20, axis (0, 0, 1)
          dielectric constant epsilon = 1
     cylinder, center = (0,-3,0)
          radius 0.25, height 1e+20, axis (0, 0, 1)
          dielectric constant epsilon = 1
     cylinder, center = (-1,-3,0)
          radius 0.25, height 1e+20, axis (0, 0, 1)
          dielectric constant epsilon = 1
     cylinder, center = (-2,-3,0)
          radius 0.25, height 1e+20, axis (0, 0, 1)
          dielectric constant epsilon = 1
     cylinder, center = (-3,-3,0)
          radius 0.25, height 1e+20, axis (0, 0, 1)
          dielectric constant epsilon = 1
     cylinder, center = (0,0,0)
          radius 0.25, height 1e+20, axis (0, 0, 1)
          dielectric constant epsilon = 2.1
     cylinder, center = (1,-1,0)
          radius 0.6, height 1e+20, axis (0, 0, 1)
          dielectric constant epsilon = 2.1
     cylinder, center = (0,1,0)
          radius 0.6, height 1e+20, axis (0, 0, 1)
          dielectric constant epsilon = 2.1
     cylinder, center = (-1,0,0)
          radius 0.6, height 1e+20, axis (0, 0, 1)
          dielectric constant epsilon = 2.1
     cylinder, center = (-1,1,0)
          radius 0.6, height 1e+20, axis (0, 0, 1)
          dielectric constant epsilon = 2.1
     cylinder, center = (0,-1,0)
          radius 0.6, height 1e+20, axis (0, 0, 1)
          dielectric constant epsilon = 2.1
     cylinder, center = (1,0,0)
          radius 0.6, height 1e+20, axis (0, 0, 1)
          dielectric constant epsilon = 2.1
     cylinder, center = (1,-1,0)
          radius 0.3, height 1e+20, axis (0, 0, 1)
          dielectric constant epsilon = 1
     cylinder, center = (0,1,0)
          radius 0.3, height 1e+20, axis (0, 0, 1)
          dielectric constant epsilon = 1
     cylinder, center = (-1,0,0)
          radius 0.3, height 1e+20, axis (0, 0, 1)
          dielectric constant epsilon = 1
     cylinder, center = (-1,1,0)
          radius 0.3, height 1e+20, axis (0, 0, 1)
          dielectric constant epsilon = 1
     cylinder, center = (0,-1,0)
          radius 0.3, height 1e+20, axis (0, 0, 1)
          dielectric constant epsilon = 1
     cylinder, center = (1,0,0)
          radius 0.3, height 1e+20, axis (0, 0, 1)
          dielectric constant epsilon = 1
     cylinder, center = (-1,2,0)
          radius 0.6, height 1e+20, axis (0, 0, 1)
          dielectric constant epsilon = 2.1
     cylinder, center = (-2,2,0)
          radius 0.6, height 1e+20, axis (0, 0, 1)
          dielectric constant epsilon = 2.1
     cylinder, center = (-2,1,0)
          radius 0.6, height 1e+20, axis (0, 0, 1)
          dielectric constant epsilon = 2.1
     cylinder, center = (-2,0,0)
          radius 0.6, height 1e+20, axis (0, 0, 1)
          dielectric constant epsilon = 2.1
     cylinder, center = (-1,-1,0)
          radius 0.6, height 1e+20, axis (0, 0, 1)
          dielectric constant epsilon = 2.1
     cylinder, center = (0,-2,0)
          radius 0.6, height 1e+20, axis (0, 0, 1)
          dielectric constant epsilon = 2.1
     cylinder, center = (1,-2,0)
          radius 0.6, height 1e+20, axis (0, 0, 1)
          dielectric constant epsilon = 2.1
     cylinder, center = (2,-2,0)
          radius 0.6, height 1e+20, axis (0, 0, 1)
          dielectric constant epsilon = 2.1
     cylinder, center = (2,-1,0)
          radius 0.6, height 1e+20, axis (0, 0, 1)
          dielectric constant epsilon = 2.1
     cylinder, center = (2,0,0)
          radius 0.6, height 1e+20, axis (0, 0, 1)
          dielectric constant epsilon = 2.1
     cylinder, center = (1,1,0)
          radius 0.6, height 1e+20, axis (0, 0, 1)
          dielectric constant epsilon = 2.1
     cylinder, center = (0,2,0)
          radius 0.6, height 1e+20, axis (0, 0, 1)
          dielectric constant epsilon = 2.1
     cylinder, center = (-1,2,0)
          radius 0.3, height 1e+20, axis (0, 0, 1)
          dielectric constant epsilon = 1
     cylinder, center = (-2,2,0)
          radius 0.3, height 1e+20, axis (0, 0, 1)
          dielectric constant epsilon = 1
     cylinder, center = (-2,1,0)
          radius 0.3, height 1e+20, axis (0, 0, 1)
          dielectric constant epsilon = 1
     cylinder, center = (-2,0,0)
          radius 0.3, height 1e+20, axis (0, 0, 1)
          dielectric constant epsilon = 1
     cylinder, center = (-1,-1,0)
          radius 0.3, height 1e+20, axis (0, 0, 1)
          dielectric constant epsilon = 1
     cylinder, center = (0,-2,0)
          radius 0.3, height 1e+20, axis (0, 0, 1)
          dielectric constant epsilon = 1
     cylinder, center = (1,-2,0)
          radius 0.3, height 1e+20, axis (0, 0, 1)
          dielectric constant epsilon = 1
     cylinder, center = (2,-2,0)
          radius 0.3, height 1e+20, axis (0, 0, 1)
          dielectric constant epsilon = 1
     cylinder, center = (2,-1,0)
          radius 0.3, height 1e+20, axis (0, 0, 1)
          dielectric constant epsilon = 1
     cylinder, center = (2,0,0)
          radius 0.3, height 1e+20, axis (0, 0, 1)
          dielectric constant epsilon = 1
     cylinder, center = (1,1,0)
          radius 0.3, height 1e+20, axis (0, 0, 1)
          dielectric constant epsilon = 1
     cylinder, center = (0,2,0)
          radius 0.3, height 1e+20, axis (0, 0, 1)
          dielectric constant epsilon = 1
Geometric object tree has depth 9 and 297 object nodes (vs. 101 actual objects)
Initializing dielectric function...
102 k-points:
     (0,0,0)
     (0,0,0.0990099)
     (0,0,0.19802)
     (0,0,0.29703)
     (0,0,0.39604)
     (0,0,0.49505)
     (0,0,0.594059)
     (0,0,0.693069)
     (0,0,0.792079)
     (0,0,0.891089)
     (0,0,0.990099)
     (0,0,1.08911)
     (0,0,1.18812)
     (0,0,1.28713)
     (0,0,1.38614)
     (0,0,1.48515)
     (0,0,1.58416)
     (0,0,1.68317)
     (0,0,1.78218)
     (0,0,1.88119)
     (0,0,1.9802)
     (0,0,2.07921)
     (0,0,2.17822)
     (0,0,2.27723)
     (0,0,2.37624)
     (0,0,2.47525)
     (0,0,2.57426)
     (0,0,2.67327)
     (0,0,2.77228)
     (0,0,2.87129)
     (0,0,2.9703)
     (0,0,3.06931)
     (0,0,3.16832)
     (0,0,3.26733)
     (0,0,3.36634)
     (0,0,3.46535)
     (0,0,3.56436)
     (0,0,3.66337)
     (0,0,3.76238)
     (0,0,3.86139)
     (0,0,3.9604)
     (0,0,4.05941)
     (0,0,4.15842)
     (0,0,4.25743)
     (0,0,4.35644)
     (0,0,4.45545)
     (0,0,4.55446)
     (0,0,4.65347)
     (0,0,4.75248)
     (0,0,4.85149)
     (0,0,4.9505)
     (0,0,5.0495)
     (0,0,5.14851)
     (0,0,5.24752)
     (0,0,5.34653)
     (0,0,5.44554)
     (0,0,5.54455)
     (0,0,5.64356)
     (0,0,5.74257)
     (0,0,5.84158)
     (0,0,5.94059)
     (0,0,6.0396)
     (0,0,6.13861)
     (0,0,6.23762)
     (0,0,6.33663)
     (0,0,6.43564)
     (0,0,6.53465)
     (0,0,6.63366)
     (0,0,6.73267)
     (0,0,6.83168)
     (0,0,6.93069)
     (0,0,7.0297)
     (0,0,7.12871)
     (0,0,7.22772)
     (0,0,7.32673)
     (0,0,7.42574)
     (0,0,7.52475)
     (0,0,7.62376)
     (0,0,7.72277)
     (0,0,7.82178)
     (0,0,7.92079)
     (0,0,8.0198)
     (0,0,8.11881)
     (0,0,8.21782)
     (0,0,8.31683)
     (0,0,8.41584)
     (0,0,8.51485)
     (0,0,8.61386)
     (0,0,8.71287)
     (0,0,8.81188)
     (0,0,8.91089)
     (0,0,9.0099)
     (0,0,9.10891)
     (0,0,9.20792)
     (0,0,9.30693)
     (0,0,9.40594)
     (0,0,9.50495)
     (0,0,9.60396)
     (0,0,9.70297)
     (0,0,9.80198)
     (0,0,9.90099)
     (0,0,10)
Solving for band polarization: .
Initializing fields to random numbers...
elapsed time for initialization: 0 seconds.
epsilon: 1-2.1, mean 1.82742, harm. mean 1.70444, 87.4756% > 1, 75.2197% "fill"
Outputting epsilon...
solve_kpoint (0,0,0):
freqs:, k index, k1, k2, k3, kmag/2pi, band 1, band 2
freqs:, 1, 0, 0, 0, 0, 0, 0
elapsed time for k point: 0 seconds.
solve_kpoint (0,0,0.0990099):
Solving for bands 1 to 2...
Finished solving for bands 1 to 2 after 4 iterations.
freqs:, 2, 0, 0, 0.0990099, 0.0990099, 0.0744969, 0.0746091
elapsed time for k point: 0 seconds.
solve_kpoint (0,0,0.19802):
Solving for bands 1 to 2...
Finished solving for bands 1 to 2 after 5 iterations.
freqs:, 3, 0, 0, 0.19802, 0.19802, 0.148812, 0.149039
elapsed time for k point: 0 seconds.
solve_kpoint (0,0,0.29703):
Solving for bands 1 to 2...
Finished solving for bands 1 to 2 after 6 iterations.
freqs:, 4, 0, 0, 0.29703, 0.29703, 0.222793, 0.223141
elapsed time for k point: 0 seconds.
solve_kpoint (0,0,0.39604):
Solving for bands 1 to 2...
Finished solving for bands 1 to 2 after 7 iterations.
freqs:, 5, 0, 0, 0.39604, 0.39604, 0.296339, 0.29681
elapsed time for k point: 0 seconds.
solve_kpoint (0,0,0.49505):
Solving for bands 1 to 2...
Finished solving for bands 1 to 2 after 8 iterations.
freqs:, 6, 0, 0, 0.49505, 0.49505, 0.369404, 0.369994
elapsed time for k point: 0 seconds.
solve_kpoint (0,0,0.594059):
Solving for bands 1 to 2...
Finished solving for bands 1 to 2 after 9 iterations.
freqs:, 7, 0, 0, 0.594059, 0.594059, 0.441975, 0.442678
elapsed time for k point: 0 seconds.
solve_kpoint (0,0,0.693069):
Solving for bands 1 to 2...
Finished solving for bands 1 to 2 after 10 iterations.
freqs:, 8, 0, 0, 0.693069, 0.693069, 0.514059, 0.514865
elapsed time for k point: 0 seconds.
solve_kpoint (0,0,0.792079):
Solving for bands 1 to 2...
Finished solving for bands 1 to 2 after 12 iterations.
freqs:, 9, 0, 0, 0.792079, 0.792079, 0.585668, 0.586565
elapsed time for k point: 0 seconds.
solve_kpoint (0,0,0.891089):
Solving for bands 1 to 2...
Finished solving for bands 1 to 2 after 9 iterations.
freqs:, 10, 0, 0, 0.891089, 0.891089, 0.656818, 0.657791
elapsed time for k point: 0 seconds.
solve_kpoint (0,0,0.990099):
Solving for bands 1 to 2...
Finished solving for bands 1 to 2 after 16 iterations.
freqs:, 11, 0, 0, 0.990099, 0.990099, 0.727525, 0.728554
elapsed time for k point: 0 seconds.
solve_kpoint (0,0,1.08911):
Solving for bands 1 to 2...
Finished solving for bands 1 to 2 after 36 iterations.
freqs:, 12, 0, 0, 1.08911, 1.08911, 0.797733, 0.798534
elapsed time for k point: 0 seconds.
solve_kpoint (0,0,1.18812):
Solving for bands 1 to 2...
Finished solving for bands 1 to 2 after 36 iterations.
freqs:, 13, 0, 0, 1.18812, 1.18812, 0.865526, 0.865707
elapsed time for k point: 1 seconds.
solve_kpoint (0,0,1.28713):
Solving for bands 1 to 2...
Finished solving for bands 1 to 2 after 17 iterations.
freqs:, 14, 0, 0, 1.28713, 1.28713, 0.932339, 0.932498
elapsed time for k point: 0 seconds.
solve_kpoint (0,0,1.38614):
Solving for bands 1 to 2...
Finished solving for bands 1 to 2 after 15 iterations.
freqs:, 15, 0, 0, 1.38614, 1.38614, 0.999132, 0.999277
elapsed time for k point: 0 seconds.
solve_kpoint (0,0,1.48515):
Solving for bands 1 to 2...
Finished solving for bands 1 to 2 after 10 iterations.
freqs:, 16, 0, 0, 1.48515, 1.48515, 1.06596, 1.06609
elapsed time for k point: 0 seconds.
solve_kpoint (0,0,1.58416):
Solving for bands 1 to 2...
Finished solving for bands 1 to 2 after 10 iterations.
freqs:, 17, 0, 0, 1.58416, 1.58416, 1.13285, 1.13297
elapsed time for k point: 0 seconds.
solve_kpoint (0,0,1.68317):
Solving for bands 1 to 2...
Finished solving for bands 1 to 2 after 8 iterations.
freqs:, 18, 0, 0, 1.68317, 1.68317, 1.1998, 1.19992
elapsed time for k point: 0 seconds.
solve_kpoint (0,0,1.78218):
Solving for bands 1 to 2...
Finished solving for bands 1 to 2 after 8 iterations.
freqs:, 19, 0, 0, 1.78218, 1.78218, 1.26683, 1.26694
elapsed time for k point: 0 seconds.
solve_kpoint (0,0,1.88119):
Solving for bands 1 to 2...
Finished solving for bands 1 to 2 after 7 iterations.
freqs:, 20, 0, 0, 1.88119, 1.88119, 1.33393, 1.33403
elapsed time for k point: 0 seconds.
solve_kpoint (0,0,1.9802):
Solving for bands 1 to 2...
Finished solving for bands 1 to 2 after 7 iterations.
freqs:, 21, 0, 0, 1.9802, 1.9802, 1.4011, 1.4012
elapsed time for k point: 0 seconds.
solve_kpoint (0,0,2.07921):
Solving for bands 1 to 2...
Finished solving for bands 1 to 2 after 7 iterations.
freqs:, 22, 0, 0, 2.07921, 2.07921, 1.46833, 1.46843
elapsed time for k point: 0 seconds.
solve_kpoint (0,0,2.17822):
Solving for bands 1 to 2...
Finished solving for bands 1 to 2 after 6 iterations.
freqs:, 23, 0, 0, 2.17822, 2.17822, 1.53563, 1.53572
elapsed time for k point: 0 seconds.
solve_kpoint (0,0,2.27723):
Solving for bands 1 to 2...
Finished solving for bands 1 to 2 after 6 iterations.
freqs:, 24, 0, 0, 2.27723, 2.27723, 1.60298, 1.60308
elapsed time for k point: 0 seconds.
solve_kpoint (0,0,2.37624):
Solving for bands 1 to 2...
Finished solving for bands 1 to 2 after 6 iterations.
freqs:, 25, 0, 0, 2.37624, 2.37624, 1.67039, 1.67048
elapsed time for k point: 0 seconds.
solve_kpoint (0,0,2.47525):
Solving for bands 1 to 2...
Finished solving for bands 1 to 2 after 6 iterations.
freqs:, 26, 0, 0, 2.47525, 2.47525, 1.73785, 1.73794
elapsed time for k point: 0 seconds.
solve_kpoint (0,0,2.57426):
Solving for bands 1 to 2...
Finished solving for bands 1 to 2 after 6 iterations.
freqs:, 27, 0, 0, 2.57426, 2.57426, 1.80536, 1.80544
elapsed time for k point: 0 seconds.
solve_kpoint (0,0,2.67327):
Solving for bands 1 to 2...
Finished solving for bands 1 to 2 after 6 iterations.
freqs:, 28, 0, 0, 2.67327, 2.67327, 1.87291, 1.87299
elapsed time for k point: 0 seconds.
solve_kpoint (0,0,2.77228):
Solving for bands 1 to 2...
Finished solving for bands 1 to 2 after 6 iterations.
freqs:, 29, 0, 0, 2.77228, 2.77228, 1.9405, 1.94058
elapsed time for k point: 0 seconds.
solve_kpoint (0,0,2.87129):
Solving for bands 1 to 2...
Finished solving for bands 1 to 2 after 6 iterations.
freqs:, 30, 0, 0, 2.87129, 2.87129, 2.00812, 2.00821
elapsed time for k point: 0 seconds.
solve_kpoint (0,0,2.9703):
Solving for bands 1 to 2...
Finished solving for bands 1 to 2 after 6 iterations.
freqs:, 31, 0, 0, 2.9703, 2.9703, 2.07579, 2.07587
elapsed time for k point: 0 seconds.
solve_kpoint (0,0,3.06931):
Solving for bands 1 to 2...
Finished solving for bands 1 to 2 after 6 iterations.
freqs:, 32, 0, 0, 3.06931, 3.06931, 2.14348, 2.14356
elapsed time for k point: 0 seconds.
solve_kpoint (0,0,3.16832):
Solving for bands 1 to 2...
Finished solving for bands 1 to 2 after 5 iterations.
freqs:, 33, 0, 0, 3.16832, 3.16832, 2.2112, 2.21129
elapsed time for k point: 0 seconds.
solve_kpoint (0,0,3.26733):
Solving for bands 1 to 2...
Finished solving for bands 1 to 2 after 5 iterations.
freqs:, 34, 0, 0, 3.26733, 3.26733, 2.27896, 2.27904
elapsed time for k point: 0 seconds.
solve_kpoint (0,0,3.36634):
Solving for bands 1 to 2...
Finished solving for bands 1 to 2 after 5 iterations.
freqs:, 35, 0, 0, 3.36634, 3.36634, 2.34673, 2.34682
elapsed time for k point: 0 seconds.
solve_kpoint (0,0,3.46535):
Solving for bands 1 to 2...
Finished solving for bands 1 to 2 after 5 iterations.
freqs:, 36, 0, 0, 3.46535, 3.46535, 2.41454, 2.41462
elapsed time for k point: 1 seconds.
solve_kpoint (0,0,3.56436):
Solving for bands 1 to 2...
Finished solving for bands 1 to 2 after 5 iterations.
freqs:, 37, 0, 0, 3.56436, 3.56436, 2.48236, 2.48244
elapsed time for k point: 0 seconds.
solve_kpoint (0,0,3.66337):
Solving for bands 1 to 2...
Finished solving for bands 1 to 2 after 5 iterations.
freqs:, 38, 0, 0, 3.66337, 3.66337, 2.55021, 2.55029
elapsed time for k point: 0 seconds.
solve_kpoint (0,0,3.76238):
Solving for bands 1 to 2...
Finished solving for bands 1 to 2 after 5 iterations.
freqs:, 39, 0, 0, 3.76238, 3.76238, 2.61807, 2.61815
elapsed time for k point: 0 seconds.
solve_kpoint (0,0,3.86139):
Solving for bands 1 to 2...
Finished solving for bands 1 to 2 after 5 iterations.
freqs:, 40, 0, 0, 3.86139, 3.86139, 2.68596, 2.68604
elapsed time for k point: 0 seconds.
solve_kpoint (0,0,3.9604):
Solving for bands 1 to 2...
Finished solving for bands 1 to 2 after 5 iterations.
freqs:, 41, 0, 0, 3.9604, 3.9604, 2.75386, 2.75394
elapsed time for k point: 0 seconds.
solve_kpoint (0,0,4.05941):
Solving for bands 1 to 2...
Finished solving for bands 1 to 2 after 5 iterations.
freqs:, 42, 0, 0, 4.05941, 4.05941, 2.82178, 2.82186
elapsed time for k point: 0 seconds.
solve_kpoint (0,0,4.15842):
Solving for bands 1 to 2...
Finished solving for bands 1 to 2 after 5 iterations.
freqs:, 43, 0, 0, 4.15842, 4.15842, 2.88972, 2.8898
elapsed time for k point: 0 seconds.
solve_kpoint (0,0,4.25743):
Solving for bands 1 to 2...
Finished solving for bands 1 to 2 after 5 iterations.
freqs:, 44, 0, 0, 4.25743, 4.25743, 2.95767, 2.95775
elapsed time for k point: 0 seconds.
solve_kpoint (0,0,4.35644):
Solving for bands 1 to 2...
Finished solving for bands 1 to 2 after 5 iterations.
freqs:, 45, 0, 0, 4.35644, 4.35644, 3.02563, 3.02571
elapsed time for k point: 0 seconds.
solve_kpoint (0,0,4.45545):
Solving for bands 1 to 2...
Finished solving for bands 1 to 2 after 4 iterations.
freqs:, 46, 0, 0, 4.45545, 4.45545, 3.09361, 3.09369
elapsed time for k point: 0 seconds.
solve_kpoint (0,0,4.55446):
Solving for bands 1 to 2...
Finished solving for bands 1 to 2 after 5 iterations.
freqs:, 47, 0, 0, 4.55446, 4.55446, 3.1616, 3.16168
elapsed time for k point: 0 seconds.
solve_kpoint (0,0,4.65347):
Solving for bands 1 to 2...
Finished solving for bands 1 to 2 after 3 iterations.
freqs:, 48, 0, 0, 4.65347, 4.65347, 3.2296, 3.22968
elapsed time for k point: 0 seconds.
solve_kpoint (0,0,4.75248):
Solving for bands 1 to 2...
Finished solving for bands 1 to 2 after 5 iterations.
freqs:, 49, 0, 0, 4.75248, 4.75248, 3.29761, 3.29769
elapsed time for k point: 0 seconds.
solve_kpoint (0,0,4.85149):
Solving for bands 1 to 2...
Finished solving for bands 1 to 2 after 3 iterations.
freqs:, 50, 0, 0, 4.85149, 4.85149, 3.36563, 3.36571
elapsed time for k point: 0 seconds.
solve_kpoint (0,0,4.9505):
Solving for bands 1 to 2...
Finished solving for bands 1 to 2 after 5 iterations.
freqs:, 51, 0, 0, 4.9505, 4.9505, 3.43367, 3.43374
elapsed time for k point: 0 seconds.
solve_kpoint (0,0,5.0495):
Solving for bands 1 to 2...
Finished solving for bands 1 to 2 after 3 iterations.
freqs:, 52, 0, 0, 5.0495, 5.0495, 3.50171, 3.50179
elapsed time for k point: 0 seconds.
solve_kpoint (0,0,5.14851):
Solving for bands 1 to 2...
Finished solving for bands 1 to 2 after 5 iterations.
freqs:, 53, 0, 0, 5.14851, 5.14851, 3.56976, 3.56984
elapsed time for k point: 0 seconds.
solve_kpoint (0,0,5.24752):
Solving for bands 1 to 2...
Finished solving for bands 1 to 2 after 2 iterations.
freqs:, 54, 0, 0, 5.24752, 5.24752, 3.63782, 3.6379
elapsed time for k point: 0 seconds.
solve_kpoint (0,0,5.34653):
Solving for bands 1 to 2...
Finished solving for bands 1 to 2 after 5 iterations.
freqs:, 55, 0, 0, 5.34653, 5.34653, 3.70589, 3.70596
elapsed time for k point: 0 seconds.
solve_kpoint (0,0,5.44554):
Solving for bands 1 to 2...
Finished solving for bands 1 to 2 after 2 iterations.
freqs:, 56, 0, 0, 5.44554, 5.44554, 3.77396, 3.77404
elapsed time for k point: 0 seconds.
solve_kpoint (0,0,5.54455):
Solving for bands 1 to 2...
Finished solving for bands 1 to 2 after 5 iterations.
freqs:, 57, 0, 0, 5.54455, 5.54455, 3.84205, 3.84212
elapsed time for k point: 0 seconds.
solve_kpoint (0,0,5.64356):
Solving for bands 1 to 2...
Finished solving for bands 1 to 2 after 2 iterations.
freqs:, 58, 0, 0, 5.64356, 5.64356, 3.91014, 3.91021
elapsed time for k point: 0 seconds.
solve_kpoint (0,0,5.74257):
Solving for bands 1 to 2...
Finished solving for bands 1 to 2 after 4 iterations.
freqs:, 59, 0, 0, 5.74257, 5.74257, 3.97823, 3.97831
elapsed time for k point: 0 seconds.
solve_kpoint (0,0,5.84158):
Solving for bands 1 to 2...
Finished solving for bands 1 to 2 after 2 iterations.
freqs:, 60, 0, 0, 5.84158, 5.84158, 4.04634, 4.04641
elapsed time for k point: 0 seconds.
solve_kpoint (0,0,5.94059):
Solving for bands 1 to 2...
Finished solving for bands 1 to 2 after 5 iterations.
freqs:, 61, 0, 0, 5.94059, 5.94059, 4.11445, 4.11452
elapsed time for k point: 0 seconds.
solve_kpoint (0,0,6.0396):
Solving for bands 1 to 2...
Finished solving for bands 1 to 2 after 2 iterations.
freqs:, 62, 0, 0, 6.0396, 6.0396, 4.18256, 4.18264
elapsed time for k point: 0 seconds.
solve_kpoint (0,0,6.13861):
Solving for bands 1 to 2...
Finished solving for bands 1 to 2 after 3 iterations.
freqs:, 63, 0, 0, 6.13861, 6.13861, 4.25069, 4.25076
elapsed time for k point: 0 seconds.
solve_kpoint (0,0,6.23762):
Solving for bands 1 to 2...
Finished solving for bands 1 to 2 after 2 iterations.
freqs:, 64, 0, 0, 6.23762, 6.23762, 4.31881, 4.31889
elapsed time for k point: 0 seconds.
solve_kpoint (0,0,6.33663):
Solving for bands 1 to 2...
Finished solving for bands 1 to 2 after 5 iterations.
freqs:, 65, 0, 0, 6.33663, 6.33663, 4.38695, 4.38702
elapsed time for k point: 0 seconds.
solve_kpoint (0,0,6.43564):
Solving for bands 1 to 2...
Finished solving for bands 1 to 2 after 2 iterations.
freqs:, 66, 0, 0, 6.43564, 6.43564, 4.45508, 4.45516
elapsed time for k point: 0 seconds.
solve_kpoint (0,0,6.53465):
Solving for bands 1 to 2...
Finished solving for bands 1 to 2 after 2 iterations.
freqs:, 67, 0, 0, 6.53465, 6.53465, 4.52323, 4.5233
elapsed time for k point: 0 seconds.
solve_kpoint (0,0,6.63366):
Solving for bands 1 to 2...
Finished solving for bands 1 to 2 after 3 iterations.
freqs:, 68, 0, 0, 6.63366, 6.63366, 4.59137, 4.59144
elapsed time for k point: 0 seconds.
solve_kpoint (0,0,6.73267):
Solving for bands 1 to 2...
Finished solving for bands 1 to 2 after 2 iterations.
freqs:, 69, 0, 0, 6.73267, 6.73267, 4.65952, 4.6596
elapsed time for k point: 0 seconds.
solve_kpoint (0,0,6.83168):
Solving for bands 1 to 2...
Finished solving for bands 1 to 2 after 5 iterations.
freqs:, 70, 0, 0, 6.83168, 6.83168, 4.72768, 4.72775
elapsed time for k point: 0 seconds.
solve_kpoint (0,0,6.93069):
Solving for bands 1 to 2...
Finished solving for bands 1 to 2 after 2 iterations.
freqs:, 71, 0, 0, 6.93069, 6.93069, 4.79584, 4.79591
elapsed time for k point: 0 seconds.
solve_kpoint (0,0,7.0297):
Solving for bands 1 to 2...
Finished solving for bands 1 to 2 after 2 iterations.
freqs:, 72, 0, 0, 7.0297, 7.0297, 4.864, 4.86407
elapsed time for k point: 0 seconds.
solve_kpoint (0,0,7.12871):
Solving for bands 1 to 2...
Finished solving for bands 1 to 2 after 2 iterations.
freqs:, 73, 0, 0, 7.12871, 7.12871, 4.93217, 4.93224
elapsed time for k point: 0 seconds.
solve_kpoint (0,0,7.22772):
Solving for bands 1 to 2...
Finished solving for bands 1 to 2 after 3 iterations.
freqs:, 74, 0, 0, 7.22772, 7.22772, 5.00034, 5.00041
elapsed time for k point: 0 seconds.
solve_kpoint (0,0,7.32673):
Solving for bands 1 to 2...
Finished solving for bands 1 to 2 after 2 iterations.
freqs:, 75, 0, 0, 7.32673, 7.32673, 5.06852, 5.06859
elapsed time for k point: 0 seconds.
solve_kpoint (0,0,7.42574):
Solving for bands 1 to 2...
Finished solving for bands 1 to 2 after 2 iterations.
freqs:, 76, 0, 0, 7.42574, 7.42574, 5.1367, 5.13676
elapsed time for k point: 0 seconds.
solve_kpoint (0,0,7.52475):
Solving for bands 1 to 2...
Finished solving for bands 1 to 2 after 1 iterations.
freqs:, 77, 0, 0, 7.52475, 7.52475, 5.20488, 5.20495
elapsed time for k point: 0 seconds.
solve_kpoint (0,0,7.62376):
Solving for bands 1 to 2...
Finished solving for bands 1 to 2 after 4 iterations.
freqs:, 78, 0, 0, 7.62376, 7.62376, 5.27306, 5.27313
elapsed time for k point: 0 seconds.
solve_kpoint (0,0,7.72277):
Solving for bands 1 to 2...
Finished solving for bands 1 to 2 after 2 iterations.
freqs:, 79, 0, 0, 7.72277, 7.72277, 5.34125, 5.34132
elapsed time for k point: 1 seconds.
solve_kpoint (0,0,7.82178):
Solving for bands 1 to 2...
Finished solving for bands 1 to 2 after 1 iterations.
freqs:, 80, 0, 0, 7.82178, 7.82178, 5.40944, 5.40951
elapsed time for k point: 0 seconds.
solve_kpoint (0,0,7.92079):
Solving for bands 1 to 2...
Finished solving for bands 1 to 2 after 2 iterations.
freqs:, 81, 0, 0, 7.92079, 7.92079, 5.47764, 5.4777
elapsed time for k point: 0 seconds.
solve_kpoint (0,0,8.0198):
Solving for bands 1 to 2...
Finished solving for bands 1 to 2 after 1 iterations.
freqs:, 82, 0, 0, 8.0198, 8.0198, 5.54584, 5.5459
elapsed time for k point: 0 seconds.
solve_kpoint (0,0,8.11881):
Solving for bands 1 to 2...
Finished solving for bands 1 to 2 after 4 iterations.
freqs:, 83, 0, 0, 8.11881, 8.11881, 5.61403, 5.6141
elapsed time for k point: 0 seconds.
solve_kpoint (0,0,8.21782):
Solving for bands 1 to 2...
Finished solving for bands 1 to 2 after 2 iterations.
freqs:, 84, 0, 0, 8.21782, 8.21782, 5.68224, 5.6823
elapsed time for k point: 0 seconds.
solve_kpoint (0,0,8.31683):
Solving for bands 1 to 2...
Finished solving for bands 1 to 2 after 1 iterations.
freqs:, 85, 0, 0, 8.31683, 8.31683, 5.75044, 5.7505
elapsed time for k point: 0 seconds.
solve_kpoint (0,0,8.41584):
Solving for bands 1 to 2...
Finished solving for bands 1 to 2 after 2 iterations.
freqs:, 86, 0, 0, 8.41584, 8.41584, 5.81865, 5.81871
elapsed time for k point: 0 seconds.
solve_kpoint (0,0,8.51485):
Solving for bands 1 to 2...
Finished solving for bands 1 to 2 after 1 iterations.
freqs:, 87, 0, 0, 8.51485, 8.51485, 5.88686, 5.88692
elapsed time for k point: 0 seconds.
solve_kpoint (0,0,8.61386):
Solving for bands 1 to 2...
Finished solving for bands 1 to 2 after 2 iterations.
freqs:, 88, 0, 0, 8.61386, 8.61386, 5.95507, 5.95513
elapsed time for k point: 0 seconds.
solve_kpoint (0,0,8.71287):
Solving for bands 1 to 2...
Finished solving for bands 1 to 2 after 1 iterations.
freqs:, 89, 0, 0, 8.71287, 8.71287, 6.02328, 6.02334
elapsed time for k point: 0 seconds.
solve_kpoint (0,0,8.81188):
Solving for bands 1 to 2...
Finished solving for bands 1 to 2 after 1 iterations.
freqs:, 90, 0, 0, 8.81188, 8.81188, 6.0915, 6.09156
elapsed time for k point: 0 seconds.
solve_kpoint (0,0,8.91089):
Solving for bands 1 to 2...
Finished solving for bands 1 to 2 after 5 iterations.
freqs:, 91, 0, 0, 8.91089, 8.91089, 6.15972, 6.15978
elapsed time for k point: 0 seconds.
solve_kpoint (0,0,9.0099):
Solving for bands 1 to 2...
Finished solving for bands 1 to 2 after 1 iterations.
freqs:, 92, 0, 0, 9.0099, 9.0099, 6.22794, 6.228
elapsed time for k point: 0 seconds.
solve_kpoint (0,0,9.10891):
Solving for bands 1 to 2...
Finished solving for bands 1 to 2 after 1 iterations.
freqs:, 93, 0, 0, 9.10891, 9.10891, 6.29616, 6.29622
elapsed time for k point: 0 seconds.
solve_kpoint (0,0,9.20792):
Solving for bands 1 to 2...
Finished solving for bands 1 to 2 after 1 iterations.
freqs:, 94, 0, 0, 9.20792, 9.20792, 6.36439, 6.36444
elapsed time for k point: 0 seconds.
solve_kpoint (0,0,9.30693):
Solving for bands 1 to 2...
Finished solving for bands 1 to 2 after 2 iterations.
freqs:, 95, 0, 0, 9.30693, 9.30693, 6.43261, 6.43267
elapsed time for k point: 0 seconds.
solve_kpoint (0,0,9.40594):
Solving for bands 1 to 2...
Finished solving for bands 1 to 2 after 1 iterations.
freqs:, 96, 0, 0, 9.40594, 9.40594, 6.50084, 6.5009
elapsed time for k point: 0 seconds.
solve_kpoint (0,0,9.50495):
Solving for bands 1 to 2...
Finished solving for bands 1 to 2 after 1 iterations.
freqs:, 97, 0, 0, 9.50495, 9.50495, 6.56907, 6.56913
elapsed time for k point: 0 seconds.
solve_kpoint (0,0,9.60396):
Solving for bands 1 to 2...
Finished solving for bands 1 to 2 after 2 iterations.
freqs:, 98, 0, 0, 9.60396, 9.60396, 6.6373, 6.63736
elapsed time for k point: 0 seconds.
solve_kpoint (0,0,9.70297):
Solving for bands 1 to 2...
Finished solving for bands 1 to 2 after 1 iterations.
freqs:, 99, 0, 0, 9.70297, 9.70297, 6.70554, 6.70559
elapsed time for k point: 0 seconds.
solve_kpoint (0,0,9.80198):
Solving for bands 1 to 2...
Finished solving for bands 1 to 2 after 1 iterations.
freqs:, 100, 0, 0, 9.80198, 9.80198, 6.77377, 6.77382
elapsed time for k point: 0 seconds.
solve_kpoint (0,0,9.90099):
Solving for bands 1 to 2...
Finished solving for bands 1 to 2 after 4 iterations.
freqs:, 101, 0, 0, 9.90099, 9.90099, 6.84201, 6.84206
elapsed time for k point: 0 seconds.
solve_kpoint (0,0,10):
Solving for bands 1 to 2...
Finished solving for bands 1 to 2 after 1 iterations.
freqs:, 102, 0, 0, 10, 10, 6.91024, 6.9103
elapsed time for k point: 0 seconds.
Band 1 range: 0.0 at #(0.0 0.0 0.0) to 6.91024423409282 at #(0.0 0.0 10)
Band 2 range: 0.0 at #(0.0 0.0 0.0) to 6.91029735748111 at #(0.0 0.0 10)
total elapsed time for run: 3 seconds.
done.
